<?xml version="1.0" encoding="UTF-8"?>
<testng-results ignored="0" total="1" passed="1" failed="0" skipped="0">
  <reporter-output>
  </reporter-output>
  <suite started-at="2025-05-30T18:22:53Z" name="Default suite" finished-at="2025-05-30T18:23:06Z" duration-ms="12299">
    <groups>
    </groups>
    <test started-at="2025-05-30T18:22:53Z" name="Default test" finished-at="2025-05-30T18:23:06Z" duration-ms="12299">
      <class name="testPackage.Test1">
        <test-method signature="a()[pri:0, instance:testPackage.Test1@17fc391b]" started-at="2025-05-30T18:22:54Z" name="a" finished-at="2025-05-30T18:23:06Z" duration-ms="12244" status="PASS">
          <reporter-output>
          </reporter-output>
        </test-method> <!-- a -->
      </class> <!-- testPackage.Test1 -->
    </test> <!-- Default test -->
  </suite> <!-- Default suite -->
</testng-results>
